[04-Apr-2019 20:02:19 UTC] PHP Fatal error:  Access level to App\Entity\Pelicula::$id must be protected (as in class App\Entity\Contenido) or weaker in /home/ubuntu/workspace/symfony/src/Entity/Pelicula.php on line 10
[04-Apr-2019 23:11:22 UTC] PHP Fatal error:  Class 'Doctrine\DBAL\Migrations\AbstractMigration' not found in /home/ubuntu/workspace/symfony4/src/Migrations/Version20190404212627.php on line 11
[06-Apr-2019 00:35:41 UTC] PHP Fatal error:  Uncaught Symfony\Component\Debug\Exception\ClassNotFoundException: Attempted to load class "Usuario" from namespace "App\DataFixtures".
Did you forget a "use" statement for "App\Entity\Usuario"? in /home/ubuntu/workspace/symfony4/src/DataFixtures/UsuarioFixtures.php:24
Stack trace:
#0 /home/ubuntu/workspace/symfony4/vendor/doctrine/data-fixtures/lib/Doctrine/Common/DataFixtures/Executor/AbstractExecutor.php(116): App\DataFixtures\UsuarioFixtures->load(Object(Doctrine\ORM\EntityManager))
#1 /home/ubuntu/workspace/symfony4/vendor/doctrine/data-fixtures/lib/Doctrine/Common/DataFixtures/Executor/ORMExecutor.php(71): Doctrine\Common\DataFixtures\Executor\AbstractExecutor->load(Object(Doctrine\ORM\EntityManager), Object(App\DataFixtures\UsuarioFixtures))
#2 [internal function]: Doctrine\Common\DataFixtures\Executor\ORMExecutor->Doctrine\Common\DataFixtures\Executor\{closure}(Object(Doctrine\ORM\EntityManager))
#3 /home/ubuntu/workspace/symfony4/vendor/doctrine/orm/lib/Doctrine/ORM/EntityManager.php(235): call_user_ in /home/ubuntu/workspace/symfony4/src/DataFixtures/UsuarioFixtures.php on line 24
[06-Apr-2019 00:36:01 UTC] PHP Fatal error:  Class 'App\Entity\Usuario\Fixture' not found in /home/ubuntu/workspace/symfony4/src/DataFixtures/UsuarioFixtures.php on line 10
[06-Apr-2019 00:36:16 UTC] PHP Fatal error:  Uncaught Symfony\Component\Debug\Exception\FatalThrowableError: Argument 1 passed to App\Entity\Usuario::setRoles() must be of the type array, string given, called in /home/ubuntu/workspace/symfony4/src/DataFixtures/UsuarioFixtures.php on line 31 in /home/ubuntu/workspace/symfony4/src/Entity/Usuario.php:272
Stack trace:
#0 /home/ubuntu/workspace/symfony4/src/DataFixtures/UsuarioFixtures.php(31): App\Entity\Usuario->setRoles('ROLE_USER')
#1 /home/ubuntu/workspace/symfony4/vendor/doctrine/data-fixtures/lib/Doctrine/Common/DataFixtures/Executor/AbstractExecutor.php(116): App\DataFixtures\UsuarioFixtures->load(Object(Doctrine\ORM\EntityManager))
#2 /home/ubuntu/workspace/symfony4/vendor/doctrine/data-fixtures/lib/Doctrine/Common/DataFixtures/Executor/ORMExecutor.php(71): Doctrine\Common\DataFixtures\Executor\AbstractExecutor->load(Object(Doctrine\ORM\EntityManager), Object(App\DataFixtures\UsuarioFixtures))
#3 [internal function]: Doctrine\Common\DataFixtures\Executor\ORMExecutor->Doctrine\Common\DataFixtures\Exe in /home/ubuntu/workspace/symfony4/src/Entity/Usuario.php on line 272
[22-Apr-2019 15:43:10 UTC] PHP Fatal error:  Access level to App\Entity\Video::$id must be protected (as in class App\Entity\Contenido) or weaker in /home/ubuntu/workspace/symfony4/src/Entity/Video.php on line 10
[05-May-2019 13:40:47 UTC] PHP Fatal error:  Access level to App\Entity\Director::$titulo must be protected (as in class App\Entity\Contenido) or weaker in /home/ubuntu/workspace/symfony4/src/Entity/Director.php on line 12
[05-Jun-2019 22:55:23 UTC] PHP Warning:  PHP Startup: Unable to load dynamic library 'intl.so' (tried: /usr/lib/php/20170718/intl.so (libicuio.so.60: cannot open shared object file: No such file or directory), /usr/lib/php/20170718/intl.so.so (/usr/lib/php/20170718/intl.so.so: cannot open shared object file: No such file or directory)) in Unknown on line 0
[05-Jun-2019 22:55:34 UTC] PHP Warning:  PHP Startup: Unable to load dynamic library 'intl.so' (tried: /usr/lib/php/20170718/intl.so (libicuio.so.60: cannot open shared object file: No such file or directory), /usr/lib/php/20170718/intl.so.so (/usr/lib/php/20170718/intl.so.so: cannot open shared object file: No such file or directory)) in Unknown on line 0
[05-Jun-2019 22:55:37 UTC] PHP Warning:  PHP Startup: Unable to load dynamic library 'intl.so' (tried: /usr/lib/php/20170718/intl.so (libicuio.so.60: cannot open shared object file: No such file or directory), /usr/lib/php/20170718/intl.so.so (/usr/lib/php/20170718/intl.so.so: cannot open shared object file: No such file or directory)) in Unknown on line 0
